<?xml version="1.0" encoding="UTF-8"?>
<testng-results ignored="0" total="1" passed="1" failed="0" skipped="0">
  <reporter-output>
  </reporter-output>
  <suite started-at="2023-11-05T21:59:46 EST" name="Default suite" finished-at="2023-11-05T22:00:53 EST" duration-ms="67112">
    <groups>
    </groups>
    <test started-at="2023-11-05T21:59:46 EST" name="Default test" finished-at="2023-11-05T22:00:53 EST" duration-ms="67112">
      <class name="pagesTest.HomePageTest">
        <test-method is-config="true" signature="setUp()[pri:0, instance:pagesTest.HomePageTest@201a4587]" started-at="2023-11-05T21:59:46 EST" name="setUp" finished-at="2023-11-05T22:00:43 EST" duration-ms="56247" status="PASS">
          <reporter-output>
          </reporter-output>
        </test-method> <!-- setUp -->
        <test-method signature="clickVehiclesTest()[pri:0, instance:pagesTest.HomePageTest@201a4587]" started-at="2023-11-05T22:00:43 EST" name="clickVehiclesTest" finished-at="2023-11-05T22:00:53 EST" duration-ms="10318" status="PASS">
          <reporter-output>
          </reporter-output>
        </test-method> <!-- clickVehiclesTest -->
        <test-method is-config="true" signature="tearUp()[pri:0, instance:pagesTest.HomePageTest@201a4587]" started-at="2023-11-05T22:00:53 EST" name="tearUp" finished-at="2023-11-05T22:00:53 EST" duration-ms="404" status="PASS">
          <reporter-output>
          </reporter-output>
        </test-method> <!-- tearUp -->
      </class> <!-- pagesTest.HomePageTest -->
    </test> <!-- Default test -->
  </suite> <!-- Default suite -->
</testng-results>
